
/bin/sh: 1: ./get_weather.sh: not found
/bin/sh: 1: ./get_weather.sh: not found
/bin/sh: 1: /home/user/proyecto/get_weather.sh: not found
/bin/sh: 1: /home/user/proyecto/get_weather.sh: not found
/bin/sh: 1: /home/user/proyecto/get_weather.sh: not found
/bin/sh: 1: /home/user/proyecto/get_weather.sh: not found
/bin/sh: 1: python: not found
Traceback (most recent call last):
  File "/home/user/proyecto/get_weather.py", line 1, in <module>
    import requests 
ModuleNotFoundError: No module named 'requests'
Traceback (most recent call last):
  File "/home/user/proyecto/get_weather.py", line 1, in <module>
    import requests 
ModuleNotFoundError: No module named 'requests'
Traceback (most recent call last):
  File "/home/user/proyecto/get_weather.py", line 1, in <module>
    import requests 
ModuleNotFoundError: No module named 'requests'
Traceback (most recent call last):
  File "/home/user/proyecto/get_weather.py", line 1, in <module>
    import requests 
ModuleNotFoundError: No module named 'requests'
Traceback (most recent call last):
  File "/home/user/proyecto/get_weather.py", line 1, in <module>
    import requests 
ModuleNotFoundError: No module named 'requests'
Traceback (most recent call last):
  File "/home/user/proyecto/get_weather.py", line 1, in <module>
    import requests 
ModuleNotFoundError: No module named 'requests'
Traceback (most recent call last):
  File "/home/user/proyecto/get_weather.py", line 1, in <module>
    import requests 
ModuleNotFoundError: No module named 'requests'
Traceback (most recent call last):
  File "/home/user/proyecto/get_weather.py", line 1, in <module>
    import requests 
ModuleNotFoundError: No module named 'requests'
Traceback (most recent call last):
  File "/home/user/proyecto/get_weather.py", line 1, in <module>
    import requests 
ModuleNotFoundError: No module named 'requests'
Traceback (most recent call last):
  File "/home/user/proyecto/get_weather.py", line 1, in <module>
    import requests 
ModuleNotFoundError: No module named 'requests'
